<?xml version="1.0" encoding="UTF-8"?>
<!-- Generated by org.testng.reporters.JUnitReportReporter -->
<testsuite name="UtilTestPack.BaseTest" tests="1" time="10.834" ignored="0" failures="0" timestamp="18 Nov 2023 11:05:44 GMT" skipped="0" hostname="YallaReddy" errors="0">
  <testcase name="setup" time="10.834" classname="UtilTestPack.BaseTest"/>
</testsuite> <!-- UtilTestPack.BaseTest -->
